<?xml version="1.0" encoding="UTF-8"?>
<!-- Generated by org.testng.reporters.JUnitReportReporter -->
<testsuite hostname="DESKTOP-NTHF6D0" failures="0" tests="1" name="stepDefs.RunnerTest" time="66.260" errors="0" timestamp="26 июн. 2021 21:10:47 GMT" skipped="0">
  <testcase classname="stepDefs.RunnerTest" name="runScenario" time="66.260"/>
</testsuite> <!-- stepDefs.RunnerTest -->
