<?xml version="1.0" encoding="UTF-8"?>
<!-- Generated by org.testng.reporters.JUnitReportReporter -->
<testsuite skipped="0" hostname="DESKTOP-NTHF6D0" name="stepDefs.RunnerTest" tests="1" failures="0" timestamp="29 июн 2021 15:09:30 GMT" time="94.008" errors="0">
  <testcase name="runScenario" time="94.008" classname="stepDefs.RunnerTest"/>
</testsuite> <!-- stepDefs.RunnerTest -->
